<?xml version="1.0" encoding="UTF-8"?>
<!-- Generated by org.testng.reporters.JUnitXMLReporter -->
<testsuite hostname="HPDA0217" name="Default test" tests="6" failures="0" timestamp="26 Jun 2018 13:11:35 GMT" time="8.884" errors="0">
  <testcase name="Basic_Course_Click" time="0.2" classname="Keyword.MyTest"/>
  <testcase name="Green_Box_Click" time="0.348" classname="Keyword.MyTest"/>
  <testcase name="color_box_matching" time="1.574" classname="Keyword.MyTest"/>
  <testcase name="Drag_and_Drop_Test" time="0.3" classname="Keyword.MyTest"/>
  <testcase name="NewTab_And_Submit_Text" time="1.616" classname="Keyword.MyTest"/>
  <testcase name="check_token_generation" time="0.273" classname="Keyword.MyTest"/>
</testsuite> <!-- Default test -->
